# JRE version: OpenJDK Runtime Environment (11.0.8+10) (build 11.0.8+10-b944.6842174)
# Java VM: OpenJDK 64-Bit Server VM (11.0.8+10-b944.6842174, mixed mode, tiered, compressed oops, g1 gc, windows-amd64)
Heap:
 garbage-first heap   total 177152K, used 101905K [0x0000000080000000, 0x0000000100000000)
  region size 1024K, 10 young (10240K), 1 survivors (1024K)
 Metaspace       used 127474K, capacity 130585K, committed 131324K, reserved 1169408K
  class space    used 16277K, capacity 17354K, committed 17536K, reserved 1048576K
GC Heap History (20 events):
Event: 2706.265 GC heap before
{Heap before GC invocations=112 (full 0):
 garbage-first heap   total 177152K, used 145223K [0x0000000080000000, 0x0000000100000000)
  region size 1024K, 53 young (54272K), 3 survivors (3072K)
 Metaspace       used 112348K, capacity 115542K, committed 115836K, reserved 1150976K
  class space    used 14176K, capacity 15296K, committed 15360K, reserved 1048576K
}
Event: 2706.351 GC heap after
{Heap after GC invocations=113 (full 0):
 garbage-first heap   total 177152K, used 96087K [0x0000000080000000, 0x0000000100000000)
  region size 1024K, 4 young (4096K), 4 survivors (4096K)
 Metaspace       used 112348K, capacity 115542K, committed 115836K, reserved 1150976K
  class space    used 14176K, capacity 15296K, committed 15360K, reserved 1048576K
}
Event: 2718.194 GC heap before
{Heap before GC invocations=113 (full 0):
 garbage-first heap   total 177152K, used 146263K [0x0000000080000000, 0x0000000100000000)
  region size 1024K, 54 young (55296K), 4 survivors (4096K)
 Metaspace       used 117867K, capacity 121096K, committed 121340K, reserved 1155072K
  class space    used 14815K, capacity 15953K, committed 16000K, reserved 1048576K
}
Event: 2718.431 GC heap after
{Heap after GC invocations=114 (full 0):
 garbage-first heap   total 177152K, used 99042K [0x0000000080000000, 0x0000000100000000)
  region size 1024K, 7 young (7168K), 7 survivors (7168K)
 Metaspace       used 117867K, capacity 121096K, committed 121340K, reserved 1155072K
  class space    used 14815K, capacity 15953K, committed 16000K, reserved 1048576K
}
Event: 2738.743 GC heap before
{Heap before GC invocations=115 (full 0):
 garbage-first heap   total 177152K, used 148194K [0x0000000080000000, 0x0000000100000000)
  region size 1024K, 55 young (56320K), 7 survivors (7168K)
 Metaspace       used 121099K, capacity 124183K, committed 124924K, reserved 1157120K
  class space    used 15183K, capacity 16220K, committed 16512K, reserved 1048576K
}
Event: 2739.130 GC heap after
{Heap after GC invocations=116 (full 0):
 garbage-first heap   total 177152K, used 102651K [0x0000000080000000, 0x0000000100000000)
  region size 1024K, 7 young (7168K), 7 survivors (7168K)
 Metaspace       used 121099K, capacity 124183K, committed 124924K, reserved 1157120K
  class space    used 15183K, capacity 16220K, committed 16512K, reserved 1048576K
}
Event: 2739.228 GC heap before
{Heap before GC invocations=116 (full 0):
 garbage-first heap   total 177152K, used 103675K [0x0000000080000000, 0x0000000100000000)
  region size 1024K, 8 young (8192K), 7 survivors (7168K)
 Metaspace       used 121187K, capacity 124279K, committed 125180K, reserved 1159168K
  class space    used 15197K, capacity 16252K, committed 16512K, reserved 1048576K
}
Event: 2740.401 GC heap after
{Heap after GC invocations=117 (full 0):
 garbage-first heap   total 177152K, used 95232K [0x0000000080000000, 0x0000000100000000)
  region size 1024K, 1 young (1024K), 1 survivors (1024K)
 Metaspace       used 121187K, capacity 124279K, committed 125180K, reserved 1159168K
  class space    used 15197K, capacity 16252K, committed 16512K, reserved 1048576K
}
Event: 2748.709 GC heap before
{Heap before GC invocations=117 (full 0):
 garbage-first heap   total 177152K, used 102400K [0x0000000080000000, 0x0000000100000000)
  region size 1024K, 8 young (8192K), 1 survivors (1024K)
 Metaspace       used 121881K, capacity 125016K, committed 125820K, reserved 1159168K
  class space    used 15302K, capacity 16348K, committed 16640K, reserved 1048576K
}
Event: 2750.065 GC heap after
{Heap after GC invocations=118 (full 0):
 garbage-first heap   total 177152K, used 92828K [0x0000000080000000, 0x0000000100000000)
  region size 1024K, 1 young (1024K), 1 survivors (1024K)
 Metaspace       used 121881K, capacity 125016K, committed 125820K, reserved 1159168K
  class space    used 15302K, capacity 16348K, committed 16640K, reserved 1048576K
}
Event: 2756.512 GC heap before
{Heap before GC invocations=118 (full 0):
 garbage-first heap   total 177152K, used 98972K [0x0000000080000000, 0x0000000100000000)
  region size 1024K, 8 young (8192K), 1 survivors (1024K)
 Metaspace       used 122966K, capacity 126078K, committed 126844K, reserved 1159168K
  class space    used 15522K, capacity 16575K, committed 16896K, reserved 1048576K
}
Event: 2756.603 GC heap after
{Heap after GC invocations=119 (full 0):
 garbage-first heap   total 177152K, used 92170K [0x0000000080000000, 0x0000000100000000)
  region size 1024K, 1 young (1024K), 1 survivors (1024K)
 Metaspace       used 122966K, capacity 126078K, committed 126844K, reserved 1159168K
  class space    used 15522K, capacity 16575K, committed 16896K, reserved 1048576K
}
Event: 2758.105 GC heap before
{Heap before GC invocations=119 (full 0):
 garbage-first heap   total 177152K, used 102410K [0x0000000080000000, 0x0000000100000000)
  region size 1024K, 11 young (11264K), 1 survivors (1024K)
 Metaspace       used 124279K, capacity 127394K, committed 128124K, reserved 1161216K
  class space    used 15773K, capacity 16843K, committed 17152K, reserved 1048576K
}
Event: 2758.116 GC heap after
{Heap after GC invocations=120 (full 0):
 garbage-first heap   total 177152K, used 92743K [0x0000000080000000, 0x0000000100000000)
  region size 1024K, 2 young (2048K), 2 survivors (2048K)
 Metaspace       used 124279K, capacity 127394K, committed 128124K, reserved 1161216K
  class space    used 15773K, capacity 16843K, committed 17152K, reserved 1048576K
}
Event: 2758.714 GC heap before
{Heap before GC invocations=120 (full 0):
 garbage-first heap   total 177152K, used 102983K [0x0000000080000000, 0x0000000100000000)
  region size 1024K, 12 young (12288K), 2 survivors (2048K)
 Metaspace       used 125056K, capacity 128156K, committed 128892K, reserved 1161216K
  class space    used 15874K, capacity 16948K, committed 17152K, reserved 1048576K
}
Event: 2758.736 GC heap after
{Heap after GC invocations=121 (full 0):
 garbage-first heap   total 177152K, used 93732K [0x0000000080000000, 0x0000000100000000)
  region size 1024K, 2 young (2048K), 2 survivors (2048K)
 Metaspace       used 125056K, capacity 128156K, committed 128892K, reserved 1161216K
  class space    used 15874K, capacity 16948K, committed 17152K, reserved 1048576K
}
Event: 2764.667 GC heap before
{Heap before GC invocations=121 (full 0):
 garbage-first heap   total 177152K, used 106020K [0x0000000080000000, 0x0000000100000000)
  region size 1024K, 14 young (14336K), 2 survivors (2048K)
 Metaspace       used 126048K, capacity 129140K, committed 129788K, reserved 1161216K
  class space    used 16032K, capacity 17084K, committed 17280K, reserved 1048576K
}
Event: 2764.797 GC heap after
{Heap after GC invocations=122 (full 0):
 garbage-first heap   total 177152K, used 94593K [0x0000000080000000, 0x0000000100000000)
  region size 1024K, 2 young (2048K), 2 survivors (2048K)
 Metaspace       used 126048K, capacity 129140K, committed 129788K, reserved 1161216K
  class space    used 16032K, capacity 17084K, committed 17280K, reserved 1048576K
}
Event: 2766.866 GC heap before
{Heap before GC invocations=122 (full 0):
 garbage-first heap   total 177152K, used 100737K [0x0000000080000000, 0x0000000100000000)
  region size 1024K, 9 young (9216K), 2 survivors (2048K)
 Metaspace       used 126758K, capacity 129846K, committed 130428K, reserved 1169408K
  class space    used 16127K, capacity 17193K, committed 17408K, reserved 1048576K
}
Event: 2766.932 GC heap after
{Heap after GC invocations=123 (full 0):
 garbage-first heap   total 177152K, used 94737K [0x0000000080000000, 0x0000000100000000)
  region size 1024K, 1 young (1024K), 1 survivors (1024K)
 Metaspace       used 126758K, capacity 129846K, committed 130428K, reserved 1169408K
  class space    used 16127K, capacity 17193K, committed 17408K, reserved 1048576K
}

